2025-04-04 10:02:09.406512 - Received CBT.V508.FILE455.PDS from FILE455.XMI 
2025-04-04 10:02:09.409537 - Found $$$#DATE.txt (text/plain) in CBT.V508.FILE455.PDS, moved to PDS/$$$#DATE
2025-04-04 10:02:09.409696 - Found $$$DOC.txt (text/plain) in CBT.V508.FILE455.PDS, moved to PDS/$$$DOC
2025-04-04 10:02:09.409842 - Found $$$PROCS.jcl (text/plain) in CBT.V508.FILE455.PDS, moved to PDS/$$$PROCS
2025-04-04 10:02:09.409978 - Found #DOC#.txt (text/plain) in CBT.V508.FILE455.PDS, moved to PDS/#DOC#
2025-04-04 10:02:09.410108 - Found #INFO#.txt (text/plain) in CBT.V508.FILE455.PDS, moved to PDS/#INFO#
2025-04-04 10:02:09.410238 - Found @FILE455.txt (text/plain) in CBT.V508.FILE455.PDS, moved to PDS/@FILE455
2025-04-04 10:02:09.410382 - Found AGENDA.txt (text/plain) in CBT.V508.FILE455.PDS, moved to PDS/AGENDA
2025-04-04 10:02:09.410515 - Found AGENDA$.jcl (text/plain) in CBT.V508.FILE455.PDS, moved to PDS/AGENDA$
2025-04-04 10:02:09.410640 - Found AGENDAH.txt (text/plain) in CBT.V508.FILE455.PDS, moved to PDS/AGENDAH
2025-04-04 10:02:09.410786 - Found ANTPCHK.txt (text/plain) in CBT.V508.FILE455.PDS, moved to PDS/ANTPCHK
2025-04-04 10:02:09.410917 - Found ANTPCMM.txt (text/plain) in CBT.V508.FILE455.PDS, moved to PDS/ANTPCMM
2025-04-04 10:02:09.411034 - Found ANTPCTB.txt (text/plain) in CBT.V508.FILE455.PDS, moved to PDS/ANTPCTB
2025-04-04 10:02:09.411173 - Found ARITH.txt (text/plain) in CBT.V508.FILE455.PDS, moved to PDS/ARITH
2025-04-04 10:02:09.411304 - Found ARITH$.jcl (text/plain) in CBT.V508.FILE455.PDS, moved to PDS/ARITH$
2025-04-04 10:02:09.411453 - Found ARITH@.txt (text/plain) in CBT.V508.FILE455.PDS, moved to PDS/ARITH@
2025-04-04 10:02:09.411585 - Found ARITHH.txt (text/plain) in CBT.V508.FILE455.PDS, moved to PDS/ARITHH
2025-04-04 10:02:09.411729 - Found AUTOCI.txt (text/plain) in CBT.V508.FILE455.PDS, moved to PDS/AUTOCI
2025-04-04 10:02:09.411858 - Found AUTOCI$.jcl (text/plain) in CBT.V508.FILE455.PDS, moved to PDS/AUTOCI$
2025-04-04 10:02:09.412231 - Found AUTOCI@.txt (text/plain) in CBT.V508.FILE455.PDS, moved to PDS/AUTOCI@
2025-04-04 10:02:09.412558 - Found AUTOTS.txt (text/plain) in CBT.V508.FILE455.PDS, moved to PDS/AUTOTS
2025-04-04 10:02:09.412733 - Found AUTOTS1.txt (text/plain) in CBT.V508.FILE455.PDS, moved to PDS/AUTOTS1
2025-04-04 10:02:09.412871 - Found AUTOTS2.txt (text/plain) in CBT.V508.FILE455.PDS, moved to PDS/AUTOTS2
2025-04-04 10:02:09.412994 - Found AUTOTS3.txt (text/plain) in CBT.V508.FILE455.PDS, moved to PDS/AUTOTS3
2025-04-04 10:02:09.413119 - Found AUTOTS4.txt (text/plain) in CBT.V508.FILE455.PDS, moved to PDS/AUTOTS4
2025-04-04 10:02:09.413239 - Found BRODSCA$.jcl (text/plain) in CBT.V508.FILE455.PDS, moved to PDS/BRODSCA$
2025-04-04 10:02:09.413358 - Found BRODSCA@.txt (text/plain) in CBT.V508.FILE455.PDS, moved to PDS/BRODSCA@
2025-04-04 10:02:09.413487 - Found BRODSCAN.txt (text/plain) in CBT.V508.FILE455.PDS, moved to PDS/BRODSCAN
2025-04-04 10:02:09.413696 - Found CMPRSEQ.txt (text/plain) in CBT.V508.FILE455.PDS, moved to PDS/CMPRSEQ
2025-04-04 10:02:09.413820 - Found CMPRSEQ$.jcl (text/plain) in CBT.V508.FILE455.PDS, moved to PDS/CMPRSEQ$
2025-04-04 10:02:09.413980 - Found CMPRSEQ@.txt (text/plain) in CBT.V508.FILE455.PDS, moved to PDS/CMPRSEQ@
2025-04-04 10:02:09.414144 - Found CMPRSMAC.bin (application/octet-stream) in CBT.V508.FILE455.PDS, moved to PDS/CMPRSMAC
2025-04-04 10:02:09.414254 - Found CONAN.txt (text/plain) in CBT.V508.FILE455.PDS, moved to PDS/CONAN
2025-04-04 10:02:09.414372 - Found CONAN$.jcl (text/plain) in CBT.V508.FILE455.PDS, moved to PDS/CONAN$
2025-04-04 10:02:09.414491 - Found CONAN@.txt (text/plain) in CBT.V508.FILE455.PDS, moved to PDS/CONAN@
2025-04-04 10:02:09.414616 - Found DAHANDB$.jcl (text/plain) in CBT.V508.FILE455.PDS, moved to PDS/DAHANDB$
2025-04-04 10:02:09.414749 - Found DAHANDB@.txt (text/plain) in CBT.V508.FILE455.PDS, moved to PDS/DAHANDB@
2025-04-04 10:02:09.414869 - Found DAHANDBK.txt (text/plain) in CBT.V508.FILE455.PDS, moved to PDS/DAHANDBK
2025-04-04 10:02:09.414992 - Found DHC.txt (text/plain) in CBT.V508.FILE455.PDS, moved to PDS/DHC
2025-04-04 10:02:09.415110 - Found DHC$.jcl (text/plain) in CBT.V508.FILE455.PDS, moved to PDS/DHC$
2025-04-04 10:02:09.415226 - Found DHC@.txt (text/plain) in CBT.V508.FILE455.PDS, moved to PDS/DHC@
2025-04-04 10:02:09.415343 - Found DHCH.txt (text/plain) in CBT.V508.FILE455.PDS, moved to PDS/DHCH
2025-04-04 10:02:09.415456 - Found ENQCNF.txt (text/plain) in CBT.V508.FILE455.PDS, moved to PDS/ENQCNF
2025-04-04 10:02:09.415564 - Found ENQRSV.txt (text/plain) in CBT.V508.FILE455.PDS, moved to PDS/ENQRSV
2025-04-04 10:02:09.415698 - Found IEBANTP.txt (text/plain) in CBT.V508.FILE455.PDS, moved to PDS/IEBANTP
2025-04-04 10:02:09.415835 - Found IEBANTP$.jcl (text/plain) in CBT.V508.FILE455.PDS, moved to PDS/IEBANTP$
2025-04-04 10:02:09.415951 - Found IEBANTP@.txt (text/plain) in CBT.V508.FILE455.PDS, moved to PDS/IEBANTP@
2025-04-04 10:02:09.416073 - Found IMSLDS.txt (text/plain) in CBT.V508.FILE455.PDS, moved to PDS/IMSLDS
2025-04-04 10:02:09.416186 - Found IMSLDS$.jcl (text/plain) in CBT.V508.FILE455.PDS, moved to PDS/IMSLDS$
2025-04-04 10:02:09.416300 - Found IMSLDS@.txt (text/plain) in CBT.V508.FILE455.PDS, moved to PDS/IMSLDS@
2025-04-04 10:02:09.416414 - Found IMSLDSH.txt (text/plain) in CBT.V508.FILE455.PDS, moved to PDS/IMSLDSH
2025-04-04 10:02:09.416529 - Found IMSLDSP.txt (text/plain) in CBT.V508.FILE455.PDS, moved to PDS/IMSLDSP
2025-04-04 10:02:09.416656 - Found IMSLOG00.txt (text/plain) in CBT.V508.FILE455.PDS, moved to PDS/IMSLOG00
2025-04-04 10:02:09.416769 - Found IOPACK.txt (text/plain) in CBT.V508.FILE455.PDS, moved to PDS/IOPACK
2025-04-04 10:02:09.416900 - Found IOPACK$.jcl (text/plain) in CBT.V508.FILE455.PDS, moved to PDS/IOPACK$
2025-04-04 10:02:09.417012 - Found IOPACK@.txt (text/plain) in CBT.V508.FILE455.PDS, moved to PDS/IOPACK@
2025-04-04 10:02:09.417134 - Found RECOVER.txt (text/plain) in CBT.V508.FILE455.PDS, moved to PDS/RECOVER
2025-04-04 10:02:09.417248 - Found RECOVER$.jcl (text/plain) in CBT.V508.FILE455.PDS, moved to PDS/RECOVER$
2025-04-04 10:02:09.417363 - Found RECOVER@.txt (text/plain) in CBT.V508.FILE455.PDS, moved to PDS/RECOVER@
2025-04-04 10:02:09.417477 - Found SEE.txt (text/plain) in CBT.V508.FILE455.PDS, moved to PDS/SEE
2025-04-04 10:02:09.417592 - Found SEE$.jcl (text/plain) in CBT.V508.FILE455.PDS, moved to PDS/SEE$
2025-04-04 10:02:09.417706 - Found SENDRTN.txt (text/plain) in CBT.V508.FILE455.PDS, moved to PDS/SENDRTN
2025-04-04 10:02:09.417837 - Found SETCLOC$.jcl (text/plain) in CBT.V508.FILE455.PDS, moved to PDS/SETCLOC$
2025-04-04 10:02:09.417954 - Found SETCLOC@.txt (text/plain) in CBT.V508.FILE455.PDS, moved to PDS/SETCLOC@
2025-04-04 10:02:09.418126 - Found SETCLOCK.txt (text/plain) in CBT.V508.FILE455.PDS, moved to PDS/SETCLOCK
2025-04-04 10:02:09.418250 - Found SETCLOCP.txt (text/plain) in CBT.V508.FILE455.PDS, moved to PDS/SETCLOCP
2025-04-04 10:02:09.418440 - Found SHOWMVS.txt (text/plain) in CBT.V508.FILE455.PDS, moved to PDS/SHOWMVS
2025-04-04 10:02:09.418560 - Found SHOWMVS$.jcl (text/plain) in CBT.V508.FILE455.PDS, moved to PDS/SHOWMVS$
2025-04-04 10:02:09.418678 - Found SHOWMVS@.txt (text/plain) in CBT.V508.FILE455.PDS, moved to PDS/SHOWMVS@
2025-04-04 10:02:09.418789 - Found SHOWMVSH.txt (text/plain) in CBT.V508.FILE455.PDS, moved to PDS/SHOWMVSH
2025-04-04 10:02:09.418933 - Found STATDS.txt (text/plain) in CBT.V508.FILE455.PDS, moved to PDS/STATDS
2025-04-04 10:02:09.419059 - Found STATDS$.jcl (text/plain) in CBT.V508.FILE455.PDS, moved to PDS/STATDS$
2025-04-04 10:02:09.419171 - Found STATDS@.txt (text/plain) in CBT.V508.FILE455.PDS, moved to PDS/STATDS@
2025-04-04 10:02:09.419286 - Found STATDSH.txt (text/plain) in CBT.V508.FILE455.PDS, moved to PDS/STATDSH
2025-04-04 10:02:09.419404 - Found STATDSP.txt (text/plain) in CBT.V508.FILE455.PDS, moved to PDS/STATDSP
2025-04-04 10:02:09.419516 - Found STATDST.txt (text/plain) in CBT.V508.FILE455.PDS, moved to PDS/STATDST
2025-04-04 10:02:09.419627 - Found STRING.txt (text/plain) in CBT.V508.FILE455.PDS, moved to PDS/STRING
2025-04-04 10:02:09.419739 - Found VCOREZA$.jcl (text/plain) in CBT.V508.FILE455.PDS, moved to PDS/VCOREZA$
2025-04-04 10:02:09.419854 - Found VCOREZA@.txt (text/plain) in CBT.V508.FILE455.PDS, moved to PDS/VCOREZA@
2025-04-04 10:02:09.419962 - Found VCOREZAH.txt (text/plain) in CBT.V508.FILE455.PDS, moved to PDS/VCOREZAH
2025-04-04 10:02:09.420121 - Found VCOREZAP.txt (text/plain) in CBT.V508.FILE455.PDS, moved to PDS/VCOREZAP
2025-04-04 10:02:09.420235 - Found VSM$.jcl (text/plain) in CBT.V508.FILE455.PDS, moved to PDS/VSM$
2025-04-04 10:02:09.420357 - Found VSM@.txt (text/plain) in CBT.V508.FILE455.PDS, moved to PDS/VSM@
2025-04-04 10:02:09.420472 - Found VSMDOC.txt (text/plain) in CBT.V508.FILE455.PDS, moved to PDS/VSMDOC
2025-04-04 10:02:09.420599 - Found VSMHELP.txt (text/plain) in CBT.V508.FILE455.PDS, moved to PDS/VSMHELP
2025-04-04 10:02:09.420705 - Found VSMMAC.txt (text/plain) in CBT.V508.FILE455.PDS, moved to PDS/VSMMAC
2025-04-04 10:02:09.420817 - Found VSM00000.txt (text/plain) in CBT.V508.FILE455.PDS, moved to PDS/VSM00000
2025-04-04 10:02:09.420928 - Found VSM00100.txt (text/plain) in CBT.V508.FILE455.PDS, moved to PDS/VSM00100
2025-04-04 10:02:09.421051 - Found VSM00200.txt (text/plain) in CBT.V508.FILE455.PDS, moved to PDS/VSM00200
2025-04-04 10:02:09.421174 - Found VSM00300.txt (text/plain) in CBT.V508.FILE455.PDS, moved to PDS/VSM00300
2025-04-04 10:02:09.421287 - Found VSM77000.txt (text/plain) in CBT.V508.FILE455.PDS, moved to PDS/VSM77000
2025-04-04 10:02:09.421414 - Found VSM88000.txt (text/plain) in CBT.V508.FILE455.PDS, moved to PDS/VSM88000
2025-04-04 10:02:09.421521 - Found VSM99000.txt (text/plain) in CBT.V508.FILE455.PDS, moved to PDS/VSM99000
